<?xml version="1.0" encoding="UTF-8"?>
<testng-results skipped="0" failed="0" ignored="0" total="1" passed="1">
  <reporter-output>
  </reporter-output>
  <suite name="Command line suite" duration-ms="13" started-at="2017-07-08T11:23:28Z" finished-at="2017-07-08T11:23:28Z">
    <groups>
    </groups>
    <test name="Command line test" duration-ms="13" started-at="2017-07-08T11:23:28Z" finished-at="2017-07-08T11:23:28Z">
      <class name="com.project.php_travels.AppTest">
        <test-method status="PASS" signature="testApp()[pri:0, instance:testApp(com.project.php_travels.AppTest)]" name="testApp" duration-ms="1" started-at="2017-07-08T16:53:28Z" finished-at="2017-07-08T16:53:28Z">
          <reporter-output>
          </reporter-output>
        </test-method> <!-- testApp -->
      </class> <!-- com.project.php_travels.AppTest -->
    </test> <!-- Command line test -->
  </suite> <!-- Command line suite -->
</testng-results>
