<?xml version="1.0" encoding="UTF-8"?>
<testng-results skipped="0" failed="0" ignored="0" total="1" passed="1">
  <reporter-output>
  </reporter-output>
  <suite name="Command line suite" duration-ms="5" started-at="2017-07-05T03:37:39Z" finished-at="2017-07-05T03:37:39Z">
    <groups>
    </groups>
    <test name="Command line test" duration-ms="5" started-at="2017-07-05T03:37:39Z" finished-at="2017-07-05T03:37:39Z">
      <class name="com.project.php_travels.AppTest">
        <test-method status="PASS" signature="testApp()[pri:0, instance:testApp(com.project.php_travels.AppTest)]" name="testApp" duration-ms="0" started-at="2017-07-05T09:07:39Z" finished-at="2017-07-05T09:07:39Z">
          <reporter-output>
          </reporter-output>
        </test-method> <!-- testApp -->
      </class> <!-- com.project.php_travels.AppTest -->
    </test> <!-- Command line test -->
  </suite> <!-- Command line suite -->
</testng-results>
