<?xml version="1.0" encoding="UTF-8"?>
<testng-results skipped="0" failed="0" ignored="0" total="1" passed="1">
  <reporter-output>
  </reporter-output>
  <suite name="Command line suite" duration-ms="5695" started-at="2017-07-08T11:23:22Z" finished-at="2017-07-08T11:23:28Z">
    <groups>
    </groups>
    <test name="Command line test" duration-ms="5695" started-at="2017-07-08T11:23:22Z" finished-at="2017-07-08T11:23:28Z">
      <class name="com.project.php_travels.Test">
        <test-method status="PASS" signature="test()[pri:0, instance:com.project.php_travels.Test@616ca2]" name="test" duration-ms="5677" started-at="2017-07-08T16:53:22Z" finished-at="2017-07-08T16:53:28Z">
          <reporter-output>
          </reporter-output>
        </test-method> <!-- test -->
      </class> <!-- com.project.php_travels.Test -->
    </test> <!-- Command line test -->
  </suite> <!-- Command line suite -->
</testng-results>
