<?xml version="1.0" encoding="UTF-8"?>
<testng-results skipped="0" failed="0" ignored="0" total="1" passed="1">
  <reporter-output>
  </reporter-output>
  <suite name="Default suite" duration-ms="45" started-at="2017-07-14T05:47:15Z" finished-at="2017-07-14T05:47:15Z">
    <groups>
    </groups>
    <test name="Default test" duration-ms="45" started-at="2017-07-14T05:47:15Z" finished-at="2017-07-14T05:47:15Z">
      <class name="testcases.Login_Tests">
        <test-method status="PASS" signature="homePageFrontEndLogin()[pri:0, instance:testcases.Login_Tests@acaea5]" name="homePageFrontEndLogin" duration-ms="11" started-at="2017-07-14T11:17:15Z" finished-at="2017-07-14T11:17:15Z">
          <reporter-output>
          </reporter-output>
        </test-method> <!-- homePageFrontEndLogin -->
      </class> <!-- testcases.Login_Tests -->
    </test> <!-- Default test -->
  </suite> <!-- Default suite -->
</testng-results>
