<?xml version="1.0" encoding="UTF-8"?>
<testng-results skipped="0" failed="0" ignored="0" total="1" passed="1">
  <reporter-output>
  </reporter-output>
  <suite name="Default suite" duration-ms="3302" started-at="2017-07-08T11:29:57Z" finished-at="2017-07-08T11:30:00Z">
    <groups>
    </groups>
    <test name="Default test" duration-ms="3302" started-at="2017-07-08T11:29:57Z" finished-at="2017-07-08T11:30:00Z">
      <class name="com.project.php_travels.Test">
        <test-method status="PASS" signature="test()[pri:0, instance:com.project.php_travels.Test@1b5a082]" name="test" duration-ms="3280" started-at="2017-07-08T16:59:57Z" finished-at="2017-07-08T17:00:00Z">
          <reporter-output>
          </reporter-output>
        </test-method> <!-- test -->
      </class> <!-- com.project.php_travels.Test -->
    </test> <!-- Default test -->
  </suite> <!-- Default suite -->
</testng-results>
